CRITICAL - 2024-03-12 00:13:34 --> ErrorException: compact(): Undefined variable $questoes
in APPPATH\Controllers\Home.php on line 51.
 1 [internal function]: CodeIgniter\Debug\Exceptions->errorHandler()
 2 APPPATH\Controllers\Home.php(51): compact()
 3 SYSTEMPATH\CodeIgniter.php(941): App\Controllers\Home->index()
 4 SYSTEMPATH\CodeIgniter.php(502): CodeIgniter\CodeIgniter->runController()
 5 SYSTEMPATH\CodeIgniter.php(361): CodeIgniter\CodeIgniter->handleRequest()
 6 FCPATH\index.php(79): CodeIgniter\CodeIgniter->run()
 7 SYSTEMPATH\Commands\Server\rewrite.php(47): require_once('C:\\Users\\Lucas\\repositorios\\FastQuiz\\public\\index.php')
CRITICAL - 2024-03-12 00:13:41 --> ErrorException: compact(): Undefined variable $questoes
in APPPATH\Controllers\Home.php on line 51.
 1 [internal function]: CodeIgniter\Debug\Exceptions->errorHandler()
 2 APPPATH\Controllers\Home.php(51): compact()
 3 SYSTEMPATH\CodeIgniter.php(941): App\Controllers\Home->index()
 4 SYSTEMPATH\CodeIgniter.php(502): CodeIgniter\CodeIgniter->runController()
 5 SYSTEMPATH\CodeIgniter.php(361): CodeIgniter\CodeIgniter->handleRequest()
 6 FCPATH\index.php(79): CodeIgniter\CodeIgniter->run()
 7 SYSTEMPATH\Commands\Server\rewrite.php(47): require_once('C:\\Users\\Lucas\\repositorios\\FastQuiz\\public\\index.php')
CRITICAL - 2024-03-12 00:30:25 --> CodeIgniter\View\Exceptions\ViewException: Invalid file: "header.php"
in SYSTEMPATH\Exceptions\FrameworkException.php on line 39.
 1 SYSTEMPATH\View\View.php(216): CodeIgniter\Exceptions\FrameworkException::forInvalidFile()
 2 SYSTEMPATH\Common.php(1178): CodeIgniter\View\View->render()
 3 APPPATH\Views\leaderboard.php(1): view()
 4 SYSTEMPATH\View\View.php(228): include('C:\\Users\\Lucas\\repositorios\\FastQuiz\\app\\Views\\leaderboard.php')
 5 SYSTEMPATH\View\View.php(231): CodeIgniter\View\View->CodeIgniter\View\{closure}()
 6 SYSTEMPATH\Common.php(1178): CodeIgniter\View\View->render()
 7 APPPATH\Controllers\Home.php(61): view()
 8 SYSTEMPATH\CodeIgniter.php(941): App\Controllers\Home->leaderboard()
 9 SYSTEMPATH\CodeIgniter.php(502): CodeIgniter\CodeIgniter->runController()
10 SYSTEMPATH\CodeIgniter.php(361): CodeIgniter\CodeIgniter->handleRequest()
11 FCPATH\index.php(79): CodeIgniter\CodeIgniter->run()
12 SYSTEMPATH\Commands\Server\rewrite.php(47): require_once('C:\\Users\\Lucas\\repositorios\\FastQuiz\\public\\index.php')
