CRITICAL - 2024-03-11 22:39:02 --> CodeIgniter\HTTP\Exceptions\HTTPException: 22 : The requested URL returned error: 429
in SYSTEMPATH\HTTP\CURLRequest.php on line 695.
 1 SYSTEMPATH\HTTP\CURLRequest.php(695): CodeIgniter\HTTP\Exceptions\HTTPException::forCurlError()
 2 SYSTEMPATH\HTTP\CURLRequest.php(387): CodeIgniter\HTTP\CURLRequest->sendRequest()
 3 SYSTEMPATH\HTTP\CURLRequest.php(145): CodeIgniter\HTTP\CURLRequest->send()
 4 APPPATH\Controllers\Home.php(10): CodeIgniter\HTTP\CURLRequest->request()
 5 SYSTEMPATH\CodeIgniter.php(941): App\Controllers\Home->index()
 6 SYSTEMPATH\CodeIgniter.php(502): CodeIgniter\CodeIgniter->runController()
 7 SYSTEMPATH\CodeIgniter.php(361): CodeIgniter\CodeIgniter->handleRequest()
 8 FCPATH\index.php(79): CodeIgniter\CodeIgniter->run()
 9 SYSTEMPATH\Commands\Server\rewrite.php(47): require_once('C:\\Users\\Lucas\\repositorios\\FastQuiz\\public\\index.php')
CRITICAL - 2024-03-11 23:09:14 --> CodeIgniter\HTTP\Exceptions\HTTPException: 22 : The requested URL returned error: 429
in SYSTEMPATH\HTTP\CURLRequest.php on line 695.
 1 SYSTEMPATH\HTTP\CURLRequest.php(695): CodeIgniter\HTTP\Exceptions\HTTPException::forCurlError()
 2 SYSTEMPATH\HTTP\CURLRequest.php(387): CodeIgniter\HTTP\CURLRequest->sendRequest()
 3 SYSTEMPATH\HTTP\CURLRequest.php(145): CodeIgniter\HTTP\CURLRequest->send()
 4 APPPATH\Controllers\Home.php(10): CodeIgniter\HTTP\CURLRequest->request()
 5 SYSTEMPATH\CodeIgniter.php(941): App\Controllers\Home->index()
 6 SYSTEMPATH\CodeIgniter.php(502): CodeIgniter\CodeIgniter->runController()
 7 SYSTEMPATH\CodeIgniter.php(361): CodeIgniter\CodeIgniter->handleRequest()
 8 FCPATH\index.php(79): CodeIgniter\CodeIgniter->run()
 9 SYSTEMPATH\Commands\Server\rewrite.php(47): require_once('C:\\Users\\Lucas\\repositorios\\FastQuiz\\public\\index.php')
CRITICAL - 2024-03-11 23:09:16 --> CodeIgniter\HTTP\Exceptions\HTTPException: 22 : The requested URL returned error: 429
in SYSTEMPATH\HTTP\CURLRequest.php on line 695.
 1 SYSTEMPATH\HTTP\CURLRequest.php(695): CodeIgniter\HTTP\Exceptions\HTTPException::forCurlError()
 2 SYSTEMPATH\HTTP\CURLRequest.php(387): CodeIgniter\HTTP\CURLRequest->sendRequest()
 3 SYSTEMPATH\HTTP\CURLRequest.php(145): CodeIgniter\HTTP\CURLRequest->send()
 4 APPPATH\Controllers\Home.php(10): CodeIgniter\HTTP\CURLRequest->request()
 5 SYSTEMPATH\CodeIgniter.php(941): App\Controllers\Home->index()
 6 SYSTEMPATH\CodeIgniter.php(502): CodeIgniter\CodeIgniter->runController()
 7 SYSTEMPATH\CodeIgniter.php(361): CodeIgniter\CodeIgniter->handleRequest()
 8 FCPATH\index.php(79): CodeIgniter\CodeIgniter->run()
 9 SYSTEMPATH\Commands\Server\rewrite.php(47): require_once('C:\\Users\\Lucas\\repositorios\\FastQuiz\\public\\index.php')
CRITICAL - 2024-03-11 23:12:57 --> CodeIgniter\HTTP\Exceptions\HTTPException: 22 : The requested URL returned error: 429
in SYSTEMPATH\HTTP\CURLRequest.php on line 695.
 1 SYSTEMPATH\HTTP\CURLRequest.php(695): CodeIgniter\HTTP\Exceptions\HTTPException::forCurlError()
 2 SYSTEMPATH\HTTP\CURLRequest.php(387): CodeIgniter\HTTP\CURLRequest->sendRequest()
 3 SYSTEMPATH\HTTP\CURLRequest.php(145): CodeIgniter\HTTP\CURLRequest->send()
 4 APPPATH\Controllers\Home.php(10): CodeIgniter\HTTP\CURLRequest->request()
 5 SYSTEMPATH\CodeIgniter.php(941): App\Controllers\Home->index()
 6 SYSTEMPATH\CodeIgniter.php(502): CodeIgniter\CodeIgniter->runController()
 7 SYSTEMPATH\CodeIgniter.php(361): CodeIgniter\CodeIgniter->handleRequest()
 8 FCPATH\index.php(79): CodeIgniter\CodeIgniter->run()
 9 SYSTEMPATH\Commands\Server\rewrite.php(47): require_once('C:\\Users\\Lucas\\repositorios\\FastQuiz\\public\\index.php')
CRITICAL - 2024-03-11 23:12:59 --> CodeIgniter\HTTP\Exceptions\HTTPException: 22 : The requested URL returned error: 429
in SYSTEMPATH\HTTP\CURLRequest.php on line 695.
 1 SYSTEMPATH\HTTP\CURLRequest.php(695): CodeIgniter\HTTP\Exceptions\HTTPException::forCurlError()
 2 SYSTEMPATH\HTTP\CURLRequest.php(387): CodeIgniter\HTTP\CURLRequest->sendRequest()
 3 SYSTEMPATH\HTTP\CURLRequest.php(145): CodeIgniter\HTTP\CURLRequest->send()
 4 APPPATH\Controllers\Home.php(10): CodeIgniter\HTTP\CURLRequest->request()
 5 SYSTEMPATH\CodeIgniter.php(941): App\Controllers\Home->index()
 6 SYSTEMPATH\CodeIgniter.php(502): CodeIgniter\CodeIgniter->runController()
 7 SYSTEMPATH\CodeIgniter.php(361): CodeIgniter\CodeIgniter->handleRequest()
 8 FCPATH\index.php(79): CodeIgniter\CodeIgniter->run()
 9 SYSTEMPATH\Commands\Server\rewrite.php(47): require_once('C:\\Users\\Lucas\\repositorios\\FastQuiz\\public\\index.php')
CRITICAL - 2024-03-11 23:36:59 --> Error: Cannot use object of type stdClass as array
in APPPATH\Views\home.php on line 13.
 1 SYSTEMPATH\View\View.php(228): include()
 2 SYSTEMPATH\View\View.php(231): CodeIgniter\View\View->CodeIgniter\View\{closure}()
 3 SYSTEMPATH\Common.php(1178): CodeIgniter\View\View->render()
 4 APPPATH\Controllers\Home.php(56): view()
 5 SYSTEMPATH\CodeIgniter.php(941): App\Controllers\Home->home()
 6 SYSTEMPATH\CodeIgniter.php(502): CodeIgniter\CodeIgniter->runController()
 7 SYSTEMPATH\CodeIgniter.php(361): CodeIgniter\CodeIgniter->handleRequest()
 8 FCPATH\index.php(79): CodeIgniter\CodeIgniter->run()
 9 SYSTEMPATH\Commands\Server\rewrite.php(47): require_once('C:\\Users\\Lucas\\repositorios\\FastQuiz\\public\\index.php')
CRITICAL - 2024-03-11 23:37:32 --> Error: Cannot use object of type stdClass as array
in APPPATH\Views\home.php on line 13.
 1 SYSTEMPATH\View\View.php(228): include()
 2 SYSTEMPATH\View\View.php(231): CodeIgniter\View\View->CodeIgniter\View\{closure}()
 3 SYSTEMPATH\Common.php(1178): CodeIgniter\View\View->render()
 4 APPPATH\Controllers\Home.php(57): view()
 5 SYSTEMPATH\CodeIgniter.php(941): App\Controllers\Home->home()
 6 SYSTEMPATH\CodeIgniter.php(502): CodeIgniter\CodeIgniter->runController()
 7 SYSTEMPATH\CodeIgniter.php(361): CodeIgniter\CodeIgniter->handleRequest()
 8 FCPATH\index.php(79): CodeIgniter\CodeIgniter->run()
 9 SYSTEMPATH\Commands\Server\rewrite.php(47): require_once('C:\\Users\\Lucas\\repositorios\\FastQuiz\\public\\index.php')
CRITICAL - 2024-03-11 23:39:45 --> Error: Cannot use object of type stdClass as array
in APPPATH\Views\home.php on line 13.
 1 SYSTEMPATH\View\View.php(228): include()
 2 SYSTEMPATH\View\View.php(231): CodeIgniter\View\View->CodeIgniter\View\{closure}()
 3 SYSTEMPATH\Common.php(1178): CodeIgniter\View\View->render()
 4 APPPATH\Controllers\Home.php(57): view()
 5 SYSTEMPATH\CodeIgniter.php(941): App\Controllers\Home->home()
 6 SYSTEMPATH\CodeIgniter.php(502): CodeIgniter\CodeIgniter->runController()
 7 SYSTEMPATH\CodeIgniter.php(361): CodeIgniter\CodeIgniter->handleRequest()
 8 FCPATH\index.php(79): CodeIgniter\CodeIgniter->run()
 9 SYSTEMPATH\Commands\Server\rewrite.php(47): require_once('C:\\Users\\Lucas\\repositorios\\FastQuiz\\public\\index.php')
CRITICAL - 2024-03-11 23:39:46 --> Error: Cannot use object of type stdClass as array
in APPPATH\Views\home.php on line 13.
 1 SYSTEMPATH\View\View.php(228): include()
 2 SYSTEMPATH\View\View.php(231): CodeIgniter\View\View->CodeIgniter\View\{closure}()
 3 SYSTEMPATH\Common.php(1178): CodeIgniter\View\View->render()
 4 APPPATH\Controllers\Home.php(57): view()
 5 SYSTEMPATH\CodeIgniter.php(941): App\Controllers\Home->home()
 6 SYSTEMPATH\CodeIgniter.php(502): CodeIgniter\CodeIgniter->runController()
 7 SYSTEMPATH\CodeIgniter.php(361): CodeIgniter\CodeIgniter->handleRequest()
 8 FCPATH\index.php(79): CodeIgniter\CodeIgniter->run()
 9 SYSTEMPATH\Commands\Server\rewrite.php(47): require_once('C:\\Users\\Lucas\\repositorios\\FastQuiz\\public\\index.php')
CRITICAL - 2024-03-11 23:40:18 --> Error: Cannot use object of type stdClass as array
in APPPATH\Views\home.php on line 13.
 1 SYSTEMPATH\View\View.php(228): include()
 2 SYSTEMPATH\View\View.php(231): CodeIgniter\View\View->CodeIgniter\View\{closure}()
 3 SYSTEMPATH\Common.php(1178): CodeIgniter\View\View->render()
 4 APPPATH\Controllers\Home.php(56): view()
 5 SYSTEMPATH\CodeIgniter.php(941): App\Controllers\Home->home()
 6 SYSTEMPATH\CodeIgniter.php(502): CodeIgniter\CodeIgniter->runController()
 7 SYSTEMPATH\CodeIgniter.php(361): CodeIgniter\CodeIgniter->handleRequest()
 8 FCPATH\index.php(79): CodeIgniter\CodeIgniter->run()
 9 SYSTEMPATH\Commands\Server\rewrite.php(47): require_once('C:\\Users\\Lucas\\repositorios\\FastQuiz\\public\\index.php')
